mode: set
esep/grade-calculator/grade_calculator.go:24.37,26.2 1 1
esep/grade-calculator/grade_calculator.go:34.44,41.2 1 1
esep/grade-calculator/grade_calculator.go:43.51,46.26 2 1
esep/grade-calculator/grade_calculator.go:46.26,48.3 1 1
esep/grade-calculator/grade_calculator.go:48.8,48.33 1 1
esep/grade-calculator/grade_calculator.go:48.33,50.3 1 1
esep/grade-calculator/grade_calculator.go:50.8,50.33 1 1
esep/grade-calculator/grade_calculator.go:50.33,52.3 1 1
esep/grade-calculator/grade_calculator.go:52.8,52.33 1 1
esep/grade-calculator/grade_calculator.go:52.33,54.3 1 1
esep/grade-calculator/grade_calculator.go:56.2,56.12 1 1
esep/grade-calculator/grade_calculator.go:59.82,86.2 1 1
esep/grade-calculator/grade_calculator.go:88.58,96.2 5 1
esep/grade-calculator/grade_calculator.go:98.62,102.31 3 1
esep/grade-calculator/grade_calculator.go:102.31,103.30 1 1
esep/grade-calculator/grade_calculator.go:103.30,106.4 2 1
esep/grade-calculator/grade_calculator.go:109.2,109.20 1 1
esep/grade-calculator/grade_calculator.go:112.49,114.2 1 1
